◇ injected env (4) from ../.env // tip: ⌘ override existing { override: true }
6 creatures with SFX
  ✓ mongo_on_play (33062b)
  ✓ mongo_on_attack (33062b)
  ✓ mongo_on_damage (33062b)
  ✓ mongo_on_death (33062b)
  ✓ mongo_happy (33062b)
  ✓ mongo_confused (33062b)
  ✓ brandon_on_play (33062b)
  ✓ brandon_on_attack (33062b)
  ✓ brandon_on_damage (33062b)
  ✓ brandon_on_death (33062b)
  ✓ brandon_protective (33062b)
  ✓ brutus_on_play (33062b)
  ✓ brutus_on_attack (33062b)
  ✓ brutus_on_damage (33062b)
  ✓ brutus_on_death (33062b)
  ✓ brutus_aggressive (33062b)
  ✓ hellhound_on_play (33062b)
  ✓ hellhound_on_attack (33062b)
  ✓ hellhound_on_damage (33062b)
  ✓ hellhound_on_death (33062b)
  ✓ ferdinand_on_play (33062b)
  ✓ ferdinand_on_attack (33062b)
  ✓ ferdinand_on_damage (33062b)
  ✓ ferdinand_on_death (33062b)
  ✓ ferdinand_protective (33062b)
  ✓ shrieker_on_play (33062b)
  ✓ shrieker_on_attack (33062b)
  ✓ shrieker_on_damage (33062b)
  ✓ shrieker_on_death (33062b)
Done
