◇ injected env (4) from ../.env // tip: ⌘ custom filepath { path: '/custom/path/.env' }
29 talkers to generate voices for. Already have: 0
  Generating: Carl...
    ✓ Carl: UgSsCwET7S1qi6UqJkK4
  Generating: Princess Donut...
    ✓ Princess Donut: uttCqsKUBGGaXO9086gH
  Generating: Mordecai...
    ✓ Mordecai: Nyi6OkijMOtXXZhFsEFl
  Generating: Bea...
    ✓ Bea: CukPR4sQfalfoxHvBjgv
  Generating: Katia...
    ✓ Katia: PGwLWgZGCO9itSN1XMGz
  Generating: Imani Stout...
    ✓ Imani Stout: axHTLU8k8wUZctAGDPcb
  Generating: Hekla...
    ✓ Hekla: 85j18di4QXwz2Ekdbr7g
  Generating: Prepotente...
    ✓ Prepotente: uTuT3imN4J8rO8cVMrDn
  Generating: Bautista...
    ✓ Bautista: 3pZpOG4veLnFwNCx5Mo2
  Generating: Louis...
    ✓ Louis: c1oyiwdRpczLU7IG26Fp
  Generating: Florin...
    ✓ Florin: oZsKez5n4cSXDpZqvA51
  Generating: Signet...
    ✓ Signet: jDUh1DFoUhkI7Vn4RXMk
  Generating: Miriam...
    ✓ Miriam: ErvDCH3keFOKsRrWjMBf
  Generating: Langley...
    ✓ Langley: jupPEVhZz9MIkdx0TQs3
  Generating: Yolanda...
    ✓ Yolanda: 2jCSc91F5P1HY3IWAp3D
  Generating: Odette...
    ✓ Odette: e98RYqiapJjIO63edKW8
  Generating: Lucia Mar...
    ✗ Lucia Mar: Preview 403: {"detail":{"type":"authorization_error","code":"forbidden","message":"Sorry, this prompt potentially doesn't follow our safety guidelines and therefore has been blocked.","status":"blocked_generation"
  Generating: Borant Exec...
    ✓ Borant Exec: V77P0aEdmzjPl16NvmaA
  Generating: The Maestro...
    ✓ The Maestro: uq7GbL1vA80PlgzdsJhm
  Generating: Carl?...
    ✗ Carl?: Preview 403: {"detail":{"type":"authorization_error","code":"forbidden","message":"Sorry, this prompt potentially doesn't follow our safety guidelines and therefore has been blocked.","status":"blocked_generation"
  Generating: Donut?...
    ✓ Donut?: sdpQvx2jZnGZ6pWXwxoq
  Generating: Donut, Maximum Chonk...
    ✓ Donut, Maximum Chonk: 7mJNws8eiLu277cQFzCW
  Generating: Zev...
    ✓ Zev: OPzS8CIcB18Gjx0XDEj0
  Generating: Esther...
    ✓ Esther: FEEOPWGIsceuJhJDEVXe
  Generating: Fenwick...
    ✓ Fenwick: 7WkfyCNJc63Hm6pZU4P4
  Generating: Vex...
    ✓ Vex: Felt3Mjc0GSXbsXXjVoX
  Generating: Silas Quinn...
    ✓ Silas Quinn: 8zbw4lAEqW0lkYtxzveo
  Generating: The Warden...
    ✓ The Warden: HdsD0JdM0W356z0oNdyl
  Generating: Echo...
    ✓ Echo: 1AgOCVOafcOx5a3rx81Q
Done. Voice map: /home/levinebl/.workspace/card-battle/data/voice-map.json
